<?xml version="1.0" encoding="UTF-8"?>
<!-- Generated by org.testng.reporters.JUnitReportReporter -->
<testsuite skipped="0" hostname="Vishmitha" name="com.projectname.testscript.CustomerModule3" tests="4" failures="0" timestamp="2022-02-19T11:45:18 IST" time="0.015" errors="0">
  <testcase name="deleteCustomer" time="0.007" classname="com.projectname.testscript.CustomerModule3"/>
  <system-out>
    <![CDATA[Delete customer]]>
  </system-out>
  <testcase name="registerCustomer" time="0.002" classname="com.projectname.testscript.CustomerModule3"/>
  <system-out>
    <![CDATA[Register customer]]>
  </system-out>
  <testcase name="editCustomer" time="0.004" classname="com.projectname.testscript.CustomerModule3"/>
  <system-out>
    <![CDATA[Edit customer]]>
  </system-out>
  <testcase name="editCustomer" time="0.002" classname="com.projectname.testscript.CustomerModule3"/>
  <system-out>
    <![CDATA[Edit customer]]>
  </system-out>
</testsuite> <!-- com.projectname.testscript.CustomerModule3 -->
