<?xml version="1.0" encoding="UTF-8"?>
<!-- Generated by org.testng.reporters.JUnitReportReporter -->
<testsuite skipped="0" hostname="Vishmitha" name="com.projectname.pom.TestMethodCls2" tests="1" failures="0" timestamp="2022-02-22T19:45:14 IST" time="26.192" errors="0">
  <testcase name="testLogin" time="26.192" classname="com.projectname.pom.TestMethodCls2"/>
  <system-out/>
</testsuite> <!-- com.projectname.pom.TestMethodCls2 -->
