<?xml version="1.0" encoding="UTF-8"?>
<!-- Generated by org.testng.reporters.JUnitReportReporter -->
<testsuite skipped="0" hostname="Vishmitha" name="com.projectname.testscript.CustomerModule" tests="5" failures="0" timestamp="2022-02-18T19:29:03 IST" time="0.021" errors="0">
  <testcase name="deleteCustomer" time="0.002" classname="com.projectname.testscript.CustomerModule"/>
  <system-out>
    <![CDATA[Delete customer]]>
  </system-out>
  <testcase name="createCustomer" time="0.003" classname="com.projectname.testscript.CustomerModule"/>
  <system-out>
    <![CDATA[Create customer]]>
  </system-out>
  <testcase name="createCustomer" time="0.010" classname="com.projectname.testscript.CustomerModule"/>
  <system-out>
    <![CDATA[Create customer]]>
  </system-out>
  <testcase name="createCustomer" time="0.004" classname="com.projectname.testscript.CustomerModule"/>
  <system-out>
    <![CDATA[Create customer]]>
  </system-out>
  <testcase name="modifyCustomer" time="0.002" classname="com.projectname.testscript.CustomerModule"/>
  <system-out>
    <![CDATA[Modify customer]]>
  </system-out>
</testsuite> <!-- com.projectname.testscript.CustomerModule -->
