<?xml version="1.0" encoding="UTF-8"?>
<!-- Generated by org.testng.reporters.JUnitReportReporter -->
<testsuite skipped="0" hostname="Vishmitha" name="com.projectname.testscript.CreateNewCustomer_assignment" tests="1" failures="0" timestamp="2022-02-21T11:39:04 IST" time="31.756" errors="0">
  <testcase name="testCreateCustomer" time="31.756" classname="com.projectname.testscript.CreateNewCustomer_assignment"/>
  <system-out/>
</testsuite> <!-- com.projectname.testscript.CreateNewCustomer_assignment -->
