<?xml version="1.0" encoding="UTF-8"?>
<!-- Generated by org.testng.reporters.JUnitReportReporter -->
<testsuite skipped="0" hostname="Vishmitha" name="com.projectname.pom.TestMethodCls3" tests="1" failures="0" timestamp="2022-02-22T19:54:39 IST" time="2.661" errors="0">
  <testcase name="testMethod" time="2.661" classname="com.projectname.pom.TestMethodCls3"/>
  <system-out/>
</testsuite> <!-- com.projectname.pom.TestMethodCls3 -->
