<?xml version="1.0" encoding="UTF-8"?>
<!-- Generated by org.testng.reporters.JUnitReportReporter -->
<testsuite skipped="0" hostname="Vishmitha" name="com.projectname.testscript.Demo_screenshot" tests="1" failures="0" timestamp="2022-02-21T11:49:07 IST" time="8.807" errors="0">
  <testcase name="testScreenshot" time="8.807" classname="com.projectname.testscript.Demo_screenshot"/>
  <system-out/>
</testsuite> <!-- com.projectname.testscript.Demo_screenshot -->
