<?xml version="1.0" encoding="UTF-8"?>
<!-- Generated by org.testng.reporters.JUnitReportReporter -->
<testsuite skipped="0" hostname="Vishmitha" name="com.projectname.pom.Print_content_of_all_webtable" tests="1" failures="0" timestamp="2022-02-22T20:01:09 IST" time="12.549" errors="0">
  <testcase name="testMethod" time="12.549" classname="com.projectname.pom.Print_content_of_all_webtable"/>
  <system-out/>
</testsuite> <!-- com.projectname.pom.Print_content_of_all_webtable -->
