<?xml version="1.0" encoding="UTF-8"?>
<!-- Generated by org.testng.reporters.JUnitReportReporter -->
<testsuite skipped="0" hostname="Vishmitha" name="com.projectname.testscript.Demo" tests="1" failures="0" timestamp="2022-02-18T19:25:32 IST" time="0.003" errors="0">
  <testcase name="CreateCustomer" time="0.003" classname="com.projectname.testscript.Demo"/>
  <system-out>
    <![CDATA[create customer]]>
  </system-out>
</testsuite> <!-- com.projectname.testscript.Demo -->
