<?xml version="1.0" encoding="UTF-8"?>
<!-- Generated by org.testng.reporters.JUnitReportReporter -->
<testsuite skipped="0" hostname="Vishmitha" name="com.projectname.testscript.CustomerModule2" tests="2" failures="0" timestamp="2022-02-18T19:55:35 IST" time="0.017" errors="0">
  <testcase name="createCustomer" time="0.011" classname="com.projectname.testscript.CustomerModule2"/>
  <system-out>
    <![CDATA[Create customer]]>
  </system-out>
  <testcase name="deleteCustomer" time="0.006" classname="com.projectname.testscript.CustomerModule2"/>
  <system-out>
    <![CDATA[Delete customer]]>
  </system-out>
</testsuite> <!-- com.projectname.testscript.CustomerModule2 -->
