<?xml version="1.0" encoding="UTF-8"?>
<!-- Generated by org.testng.reporters.JUnitReportReporter -->
<testsuite skipped="0" hostname="Vishmitha" name="com.projectname.pom.TestMethodClas" tests="1" failures="0" timestamp="2022-02-22T11:26:15 IST" time="25.016" errors="0">
  <testcase name="testLogin" time="25.016" classname="com.projectname.pom.TestMethodClas"/>
  <system-out/>
</testsuite> <!-- com.projectname.pom.TestMethodClas -->
